Parasolid -> SE
============================================================
Dateiname: D:\Firma\MPCnew3D_2\RJ45\M-RJHSE-3380-REVT5.x_t
Parasolid-Dateiversion: 17.0.244
Baugruppe 0 beginnen
Gesamtteile :  10
Baugruppen: 0
Volumenkörper: 10
Flächen:  0
============================================================
Volumenkörper 1 of 10 wird verarbeitet
SE Part-Datei D:\Firma\MPCnew3D_2\RJ45\M-RJHSE-3380-REVT5.par wurde erstellt
M-RJHSE-3380-REVT5.par:1 wird platziert
============================================================
Volumenkörper 2 of 10 wird verarbeitet
SE Part-Datei D:\Firma\MPCnew3D_2\RJ45\M-RJHSE-3380-REVT5_1.par wurde erstellt
M-RJHSE-3380-REVT5_1.par:1 wird platziert
============================================================
Volumenkörper 3 of 10 wird verarbeitet
SE Part-Datei D:\Firma\MPCnew3D_2\RJ45\M-RJHSE-3380-REVT5_3.par wurde erstellt
M-RJHSE-3380-REVT5_3.par:1 wird platziert
============================================================
Volumenkörper 4 of 10 wird verarbeitet
SE Part-Datei D:\Firma\MPCnew3D_2\RJ45\M-RJHSE-3380-REVT5_5.par wurde erstellt
M-RJHSE-3380-REVT5_5.par:1 wird platziert
============================================================
Volumenkörper 5 of 10 wird verarbeitet
SE Part-Datei D:\Firma\MPCnew3D_2\RJ45\M-RJHSE-3380-REVT5_7.par wurde erstellt
M-RJHSE-3380-REVT5_7.par:1 wird platziert
============================================================
Volumenkörper 6 of 10 wird verarbeitet
SE Part-Datei D:\Firma\MPCnew3D_2\RJ45\M-RJHSE-3380-REVT5_9.par wurde erstellt
M-RJHSE-3380-REVT5_9.par:1 wird platziert
============================================================
Volumenkörper 7 of 10 wird verarbeitet
SE Part-Datei D:\Firma\MPCnew3D_2\RJ45\M-RJHSE-3380-REVT5_11.par wurde erstellt
M-RJHSE-3380-REVT5_11.par:1 wird platziert
============================================================
Volumenkörper 8 of 10 wird verarbeitet
SE Part-Datei D:\Firma\MPCnew3D_2\RJ45\M-RJHSE-3380-REVT5_13.par wurde erstellt
M-RJHSE-3380-REVT5_13.par:1 wird platziert
============================================================
Volumenkörper 9 of 10 wird verarbeitet
SE Part-Datei D:\Firma\MPCnew3D_2\RJ45\M-RJHSE-3380-REVT5_15.par wurde erstellt
M-RJHSE-3380-REVT5_15.par:1 wird platziert
============================================================
Volumenkörper 10 of 10 wird verarbeitet
SE Part-Datei D:\Firma\MPCnew3D_2\RJ45\M-RJHSE-3380-REVT5_17.par wurde erstellt
M-RJHSE-3380-REVT5_17.par:1 wird platziert
============================================================
