ParaSTEPlib version 4.85 Conversion Messages
=======================================

 ---- Body is a Valid Parasolid body ----
=======================================
Start of Conversion Summary for Model 1
=======================================
Entity conversion ...
Topology : 347 total entities
	Bodies			:	1
	Shells			:	1
	Faces			:	37
	Loops			:	38
	Fins			:	152
	Edges			:	76
	Vertices		:	42

Geometry : 155 total entities
  Surfaces : 37 total surfaces
	Planes			:	28
	Cylinders		:	9
	Cones			:	0
	Spheres			:	0
	Tori			:	0
	Bsplines		:	0
	Sweep			:	0
	Spun			:	0
	Offset			:	0
  Curves : 76 total curves
	Lines			:	60
	Circles			:	8
	Ellipses		:	8
	BSplines		:	0
	SP_Curves		:	0
  Points : 42 total points
=======================================
End of Conversion Summary for Model 1
=======================================

 ---- Body is a Valid Parasolid body ----
=======================================
Start of Conversion Summary for Model 2
=======================================
Entity conversion ...
Topology : 347 total entities
	Bodies			:	1
	Shells			:	1
	Faces			:	37
	Loops			:	38
	Fins			:	152
	Edges			:	76
	Vertices		:	42

Geometry : 155 total entities
  Surfaces : 37 total surfaces
	Planes			:	28
	Cylinders		:	9
	Cones			:	0
	Spheres			:	0
	Tori			:	0
	Bsplines		:	0
	Sweep			:	0
	Spun			:	0
	Offset			:	0
  Curves : 76 total curves
	Lines			:	60
	Circles			:	8
	Ellipses		:	8
	BSplines		:	0
	SP_Curves		:	0
  Points : 42 total points
=======================================
End of Conversion Summary for Model 2
=======================================

 ---- Body is a Valid Parasolid body ----
=======================================
Start of Conversion Summary for Model 3
=======================================
Entity conversion ...
Topology : 347 total entities
	Bodies			:	1
	Shells			:	1
	Faces			:	37
	Loops			:	38
	Fins			:	152
	Edges			:	76
	Vertices		:	42

Geometry : 155 total entities
  Surfaces : 37 total surfaces
	Planes			:	28
	Cylinders		:	9
	Cones			:	0
	Spheres			:	0
	Tori			:	0
	Bsplines		:	0
	Sweep			:	0
	Spun			:	0
	Offset			:	0
  Curves : 76 total curves
	Lines			:	60
	Circles			:	8
	Ellipses		:	8
	BSplines		:	0
	SP_Curves		:	0
  Points : 42 total points
=======================================
End of Conversion Summary for Model 3
=======================================

 ---- Body is a Valid Parasolid body ----
=======================================
Start of Conversion Summary for Model 4
=======================================
Entity conversion ...
Topology : 347 total entities
	Bodies			:	1
	Shells			:	1
	Faces			:	37
	Loops			:	38
	Fins			:	152
	Edges			:	76
	Vertices		:	42

Geometry : 155 total entities
  Surfaces : 37 total surfaces
	Planes			:	28
	Cylinders		:	9
	Cones			:	0
	Spheres			:	0
	Tori			:	0
	Bsplines		:	0
	Sweep			:	0
	Spun			:	0
	Offset			:	0
  Curves : 76 total curves
	Lines			:	60
	Circles			:	8
	Ellipses		:	8
	BSplines		:	0
	SP_Curves		:	0
  Points : 42 total points
=======================================
End of Conversion Summary for Model 4
=======================================

 ---- Body is a Valid Parasolid body ----
=======================================
Start of Conversion Summary for Model 5
=======================================
Entity conversion ...
Topology : 347 total entities
	Bodies			:	1
	Shells			:	1
	Faces			:	37
	Loops			:	38
	Fins			:	152
	Edges			:	76
	Vertices		:	42

Geometry : 155 total entities
  Surfaces : 37 total surfaces
	Planes			:	28
	Cylinders		:	9
	Cones			:	0
	Spheres			:	0
	Tori			:	0
	Bsplines		:	0
	Sweep			:	0
	Spun			:	0
	Offset			:	0
  Curves : 76 total curves
	Lines			:	60
	Circles			:	8
	Ellipses		:	8
	BSplines		:	0
	SP_Curves		:	0
  Points : 42 total points
=======================================
End of Conversion Summary for Model 5
=======================================

 ---- Body is a Valid Parasolid body ----
=======================================
Start of Conversion Summary for Model 6
=======================================
Entity conversion ...
Topology : 347 total entities
	Bodies			:	1
	Shells			:	1
	Faces			:	37
	Loops			:	38
	Fins			:	152
	Edges			:	76
	Vertices		:	42

Geometry : 155 total entities
  Surfaces : 37 total surfaces
	Planes			:	28
	Cylinders		:	9
	Cones			:	0
	Spheres			:	0
	Tori			:	0
	Bsplines		:	0
	Sweep			:	0
	Spun			:	0
	Offset			:	0
  Curves : 76 total curves
	Lines			:	60
	Circles			:	8
	Ellipses		:	8
	BSplines		:	0
	SP_Curves		:	0
  Points : 42 total points
=======================================
End of Conversion Summary for Model 6
=======================================

 ---- Body is a Valid Parasolid body ----
=======================================
Start of Conversion Summary for Model 7
=======================================
Entity conversion ...
Topology : 347 total entities
	Bodies			:	1
	Shells			:	1
	Faces			:	37
	Loops			:	38
	Fins			:	152
	Edges			:	76
	Vertices		:	42

Geometry : 155 total entities
  Surfaces : 37 total surfaces
	Planes			:	28
	Cylinders		:	9
	Cones			:	0
	Spheres			:	0
	Tori			:	0
	Bsplines		:	0
	Sweep			:	0
	Spun			:	0
	Offset			:	0
  Curves : 76 total curves
	Lines			:	60
	Circles			:	8
	Ellipses		:	8
	BSplines		:	0
	SP_Curves		:	0
  Points : 42 total points
=======================================
End of Conversion Summary for Model 7
=======================================

 ---- Body is a Valid Parasolid body ----
=======================================
Start of Conversion Summary for Model 8
=======================================
Entity conversion ...
Topology : 347 total entities
	Bodies			:	1
	Shells			:	1
	Faces			:	37
	Loops			:	38
	Fins			:	152
	Edges			:	76
	Vertices		:	42

Geometry : 155 total entities
  Surfaces : 37 total surfaces
	Planes			:	28
	Cylinders		:	9
	Cones			:	0
	Spheres			:	0
	Tori			:	0
	Bsplines		:	0
	Sweep			:	0
	Spun			:	0
	Offset			:	0
  Curves : 76 total curves
	Lines			:	60
	Circles			:	8
	Ellipses		:	8
	BSplines		:	0
	SP_Curves		:	0
  Points : 42 total points
=======================================
End of Conversion Summary for Model 8
=======================================

 ---- Body is a Valid Parasolid body ----
=======================================
Start of Conversion Summary for Model 9
=======================================
Entity conversion ...
Topology : 347 total entities
	Bodies			:	1
	Shells			:	1
	Faces			:	37
	Loops			:	38
	Fins			:	152
	Edges			:	76
	Vertices		:	42

Geometry : 155 total entities
  Surfaces : 37 total surfaces
	Planes			:	28
	Cylinders		:	9
	Cones			:	0
	Spheres			:	0
	Tori			:	0
	Bsplines		:	0
	Sweep			:	0
	Spun			:	0
	Offset			:	0
  Curves : 76 total curves
	Lines			:	60
	Circles			:	8
	Ellipses		:	8
	BSplines		:	0
	SP_Curves		:	0
  Points : 42 total points
=======================================
End of Conversion Summary for Model 9
=======================================

 ---- Body is a Valid Parasolid body ----
=======================================
Start of Conversion Summary for Model 10
=======================================
Entity conversion ...
Topology : 347 total entities
	Bodies			:	1
	Shells			:	1
	Faces			:	37
	Loops			:	38
	Fins			:	152
	Edges			:	76
	Vertices		:	42

Geometry : 155 total entities
  Surfaces : 37 total surfaces
	Planes			:	28
	Cylinders		:	9
	Cones			:	0
	Spheres			:	0
	Tori			:	0
	Bsplines		:	0
	Sweep			:	0
	Spun			:	0
	Offset			:	0
  Curves : 76 total curves
	Lines			:	60
	Circles			:	8
	Ellipses		:	8
	BSplines		:	0
	SP_Curves		:	0
  Points : 42 total points
=======================================
End of Conversion Summary for Model 10
=======================================

 ---- Body is a Valid Parasolid body ----
=======================================
Start of Conversion Summary for Model 11
=======================================
Entity conversion ...
Topology : 347 total entities
	Bodies			:	1
	Shells			:	1
	Faces			:	37
	Loops			:	38
	Fins			:	152
	Edges			:	76
	Vertices		:	42

Geometry : 155 total entities
  Surfaces : 37 total surfaces
	Planes			:	28
	Cylinders		:	9
	Cones			:	0
	Spheres			:	0
	Tori			:	0
	Bsplines		:	0
	Sweep			:	0
	Spun			:	0
	Offset			:	0
  Curves : 76 total curves
	Lines			:	60
	Circles			:	8
	Ellipses		:	8
	BSplines		:	0
	SP_Curves		:	0
  Points : 42 total points
=======================================
End of Conversion Summary for Model 11
=======================================

 ---- Body is a Valid Parasolid body ----
=======================================
Start of Conversion Summary for Model 12
=======================================
Entity conversion ...
Topology : 347 total entities
	Bodies			:	1
	Shells			:	1
	Faces			:	37
	Loops			:	38
	Fins			:	152
	Edges			:	76
	Vertices		:	42

Geometry : 155 total entities
  Surfaces : 37 total surfaces
	Planes			:	28
	Cylinders		:	9
	Cones			:	0
	Spheres			:	0
	Tori			:	0
	Bsplines		:	0
	Sweep			:	0
	Spun			:	0
	Offset			:	0
  Curves : 76 total curves
	Lines			:	60
	Circles			:	8
	Ellipses		:	8
	BSplines		:	0
	SP_Curves		:	0
  Points : 42 total points
=======================================
End of Conversion Summary for Model 12
=======================================

 ---- Body is a Valid Parasolid body ----
=======================================
Start of Conversion Summary for Model 13
=======================================
Entity conversion ...
Topology : 347 total entities
	Bodies			:	1
	Shells			:	1
	Faces			:	37
	Loops			:	38
	Fins			:	152
	Edges			:	76
	Vertices		:	42

Geometry : 155 total entities
  Surfaces : 37 total surfaces
	Planes			:	28
	Cylinders		:	9
	Cones			:	0
	Spheres			:	0
	Tori			:	0
	Bsplines		:	0
	Sweep			:	0
	Spun			:	0
	Offset			:	0
  Curves : 76 total curves
	Lines			:	60
	Circles			:	8
	Ellipses		:	8
	BSplines		:	0
	SP_Curves		:	0
  Points : 42 total points
=======================================
End of Conversion Summary for Model 13
=======================================

 ---- Body is a Valid Parasolid body ----
=======================================
Start of Conversion Summary for Model 14
=======================================
Entity conversion ...
Topology : 347 total entities
	Bodies			:	1
	Shells			:	1
	Faces			:	37
	Loops			:	38
	Fins			:	152
	Edges			:	76
	Vertices		:	42

Geometry : 155 total entities
  Surfaces : 37 total surfaces
	Planes			:	28
	Cylinders		:	9
	Cones			:	0
	Spheres			:	0
	Tori			:	0
	Bsplines		:	0
	Sweep			:	0
	Spun			:	0
	Offset			:	0
  Curves : 76 total curves
	Lines			:	60
	Circles			:	8
	Ellipses		:	8
	BSplines		:	0
	SP_Curves		:	0
  Points : 42 total points
=======================================
End of Conversion Summary for Model 14
=======================================

 ---- Body is a Valid Parasolid body ----
=======================================
Start of Conversion Summary for Model 15
=======================================
Entity conversion ...
Topology : 347 total entities
	Bodies			:	1
	Shells			:	1
	Faces			:	37
	Loops			:	38
	Fins			:	152
	Edges			:	76
	Vertices		:	42

Geometry : 155 total entities
  Surfaces : 37 total surfaces
	Planes			:	28
	Cylinders		:	9
	Cones			:	0
	Spheres			:	0
	Tori			:	0
	Bsplines		:	0
	Sweep			:	0
	Spun			:	0
	Offset			:	0
  Curves : 76 total curves
	Lines			:	60
	Circles			:	8
	Ellipses		:	8
	BSplines		:	0
	SP_Curves		:	0
  Points : 42 total points
=======================================
End of Conversion Summary for Model 15
=======================================

 ---- Body is a Valid Parasolid body ----
=======================================
Start of Conversion Summary for Model 16
=======================================
Entity conversion ...
Topology : 347 total entities
	Bodies			:	1
	Shells			:	1
	Faces			:	37
	Loops			:	38
	Fins			:	152
	Edges			:	76
	Vertices		:	42

Geometry : 155 total entities
  Surfaces : 37 total surfaces
	Planes			:	28
	Cylinders		:	9
	Cones			:	0
	Spheres			:	0
	Tori			:	0
	Bsplines		:	0
	Sweep			:	0
	Spun			:	0
	Offset			:	0
  Curves : 76 total curves
	Lines			:	60
	Circles			:	8
	Ellipses		:	8
	BSplines		:	0
	SP_Curves		:	0
  Points : 42 total points
=======================================
End of Conversion Summary for Model 16
=======================================

 ---- Body is a Valid Parasolid body ----
=======================================
Start of Conversion Summary for Model 17
=======================================
Entity conversion ...
Topology : 347 total entities
	Bodies			:	1
	Shells			:	1
	Faces			:	37
	Loops			:	38
	Fins			:	152
	Edges			:	76
	Vertices		:	42

Geometry : 155 total entities
  Surfaces : 37 total surfaces
	Planes			:	28
	Cylinders		:	9
	Cones			:	0
	Spheres			:	0
	Tori			:	0
	Bsplines		:	0
	Sweep			:	0
	Spun			:	0
	Offset			:	0
  Curves : 76 total curves
	Lines			:	60
	Circles			:	8
	Ellipses		:	8
	BSplines		:	0
	SP_Curves		:	0
  Points : 42 total points
=======================================
End of Conversion Summary for Model 17
=======================================

 ---- Body is a Valid Parasolid body ----
=======================================
Start of Conversion Summary for Model 18
=======================================
Entity conversion ...
Topology : 347 total entities
	Bodies			:	1
	Shells			:	1
	Faces			:	37
	Loops			:	38
	Fins			:	152
	Edges			:	76
	Vertices		:	42

Geometry : 155 total entities
  Surfaces : 37 total surfaces
	Planes			:	28
	Cylinders		:	9
	Cones			:	0
	Spheres			:	0
	Tori			:	0
	Bsplines		:	0
	Sweep			:	0
	Spun			:	0
	Offset			:	0
  Curves : 76 total curves
	Lines			:	60
	Circles			:	8
	Ellipses		:	8
	BSplines		:	0
	SP_Curves		:	0
  Points : 42 total points
=======================================
End of Conversion Summary for Model 18
=======================================

 ---- Body is a Valid Parasolid body ----
=======================================
Start of Conversion Summary for Model 19
=======================================
Entity conversion ...
Topology : 347 total entities
	Bodies			:	1
	Shells			:	1
	Faces			:	37
	Loops			:	38
	Fins			:	152
	Edges			:	76
	Vertices		:	42

Geometry : 155 total entities
  Surfaces : 37 total surfaces
	Planes			:	28
	Cylinders		:	9
	Cones			:	0
	Spheres			:	0
	Tori			:	0
	Bsplines		:	0
	Sweep			:	0
	Spun			:	0
	Offset			:	0
  Curves : 76 total curves
	Lines			:	60
	Circles			:	8
	Ellipses		:	8
	BSplines		:	0
	SP_Curves		:	0
  Points : 42 total points
=======================================
End of Conversion Summary for Model 19
=======================================

 ---- Body is a Valid Parasolid body ----
=======================================
Start of Conversion Summary for Model 20
=======================================
Entity conversion ...
Topology : 347 total entities
	Bodies			:	1
	Shells			:	1
	Faces			:	37
	Loops			:	38
	Fins			:	152
	Edges			:	76
	Vertices		:	42

Geometry : 155 total entities
  Surfaces : 37 total surfaces
	Planes			:	28
	Cylinders		:	9
	Cones			:	0
	Spheres			:	0
	Tori			:	0
	Bsplines		:	0
	Sweep			:	0
	Spun			:	0
	Offset			:	0
  Curves : 76 total curves
	Lines			:	60
	Circles			:	8
	Ellipses		:	8
	BSplines		:	0
	SP_Curves		:	0
  Points : 42 total points
=======================================
End of Conversion Summary for Model 20
=======================================

 ---- Body is a Valid Parasolid body ----
=======================================
Start of Conversion Summary for Model 21
=======================================
Entity conversion ...
Topology : 347 total entities
	Bodies			:	1
	Shells			:	1
	Faces			:	37
	Loops			:	38
	Fins			:	152
	Edges			:	76
	Vertices		:	42

Geometry : 155 total entities
  Surfaces : 37 total surfaces
	Planes			:	28
	Cylinders		:	9
	Cones			:	0
	Spheres			:	0
	Tori			:	0
	Bsplines		:	0
	Sweep			:	0
	Spun			:	0
	Offset			:	0
  Curves : 76 total curves
	Lines			:	60
	Circles			:	8
	Ellipses		:	8
	BSplines		:	0
	SP_Curves		:	0
  Points : 42 total points
=======================================
End of Conversion Summary for Model 21
=======================================

 ---- Body is a Valid Parasolid body ----
=======================================
Start of Conversion Summary for Model 22
=======================================
Entity conversion ...
Topology : 347 total entities
	Bodies			:	1
	Shells			:	1
	Faces			:	37
	Loops			:	38
	Fins			:	152
	Edges			:	76
	Vertices		:	42

Geometry : 155 total entities
  Surfaces : 37 total surfaces
	Planes			:	28
	Cylinders		:	9
	Cones			:	0
	Spheres			:	0
	Tori			:	0
	Bsplines		:	0
	Sweep			:	0
	Spun			:	0
	Offset			:	0
  Curves : 76 total curves
	Lines			:	60
	Circles			:	8
	Ellipses		:	8
	BSplines		:	0
	SP_Curves		:	0
  Points : 42 total points
=======================================
End of Conversion Summary for Model 22
=======================================

 ---- Body is a Valid Parasolid body ----
=======================================
Start of Conversion Summary for Model 23
=======================================
Entity conversion ...
Topology : 347 total entities
	Bodies			:	1
	Shells			:	1
	Faces			:	37
	Loops			:	38
	Fins			:	152
	Edges			:	76
	Vertices		:	42

Geometry : 155 total entities
  Surfaces : 37 total surfaces
	Planes			:	28
	Cylinders		:	9
	Cones			:	0
	Spheres			:	0
	Tori			:	0
	Bsplines		:	0
	Sweep			:	0
	Spun			:	0
	Offset			:	0
  Curves : 76 total curves
	Lines			:	60
	Circles			:	8
	Ellipses		:	8
	BSplines		:	0
	SP_Curves		:	0
  Points : 42 total points
=======================================
End of Conversion Summary for Model 23
=======================================

 ---- Body is a Valid Parasolid body ----
=======================================
Start of Conversion Summary for Model 24
=======================================
Entity conversion ...
Topology : 347 total entities
	Bodies			:	1
	Shells			:	1
	Faces			:	37
	Loops			:	38
	Fins			:	152
	Edges			:	76
	Vertices		:	42

Geometry : 155 total entities
  Surfaces : 37 total surfaces
	Planes			:	28
	Cylinders		:	9
	Cones			:	0
	Spheres			:	0
	Tori			:	0
	Bsplines		:	0
	Sweep			:	0
	Spun			:	0
	Offset			:	0
  Curves : 76 total curves
	Lines			:	60
	Circles			:	8
	Ellipses		:	8
	BSplines		:	0
	SP_Curves		:	0
  Points : 42 total points
=======================================
End of Conversion Summary for Model 24
=======================================

 ---- Body is a Valid Parasolid body ----
=======================================
Start of Conversion Summary for Model 25
=======================================
Entity conversion ...
Topology : 347 total entities
	Bodies			:	1
	Shells			:	1
	Faces			:	37
	Loops			:	38
	Fins			:	152
	Edges			:	76
	Vertices		:	42

Geometry : 155 total entities
  Surfaces : 37 total surfaces
	Planes			:	28
	Cylinders		:	9
	Cones			:	0
	Spheres			:	0
	Tori			:	0
	Bsplines		:	0
	Sweep			:	0
	Spun			:	0
	Offset			:	0
  Curves : 76 total curves
	Lines			:	60
	Circles			:	8
	Ellipses		:	8
	BSplines		:	0
	SP_Curves		:	0
  Points : 42 total points
=======================================
End of Conversion Summary for Model 25
=======================================

 ---- Body is a Valid Parasolid body ----
=======================================
Start of Conversion Summary for Model 26
=======================================
Entity conversion ...
Topology : 347 total entities
	Bodies			:	1
	Shells			:	1
	Faces			:	37
	Loops			:	38
	Fins			:	152
	Edges			:	76
	Vertices		:	42

Geometry : 155 total entities
  Surfaces : 37 total surfaces
	Planes			:	28
	Cylinders		:	9
	Cones			:	0
	Spheres			:	0
	Tori			:	0
	Bsplines		:	0
	Sweep			:	0
	Spun			:	0
	Offset			:	0
  Curves : 76 total curves
	Lines			:	60
	Circles			:	8
	Ellipses		:	8
	BSplines		:	0
	SP_Curves		:	0
  Points : 42 total points
=======================================
End of Conversion Summary for Model 26
=======================================

 ---- Body is a Valid Parasolid body ----
=======================================
Start of Conversion Summary for Model 27
=======================================
Entity conversion ...
Topology : 2442 total entities
	Bodies			:	1
	Shells			:	1
	Faces			:	182
	Loops			:	234
	Fins			:	1104
	Edges			:	552
	Vertices		:	368

Geometry : 1102 total entities
  Surfaces : 182 total surfaces
	Planes			:	167
	Cylinders		:	15
	Cones			:	0
	Spheres			:	0
	Tori			:	0
	Bsplines		:	0
	Sweep			:	0
	Spun			:	0
	Offset			:	0
  Curves : 552 total curves
	Lines			:	522
	Circles			:	30
	Ellipses		:	0
	BSplines		:	0
	SP_Curves		:	0
  Points : 368 total points
=======================================
End of Conversion Summary for Model 27
=======================================

Conversion Summary...
=======================================
No. of solid bodies present in Parasolid file  27
No. of valid solid bodies present in Parasolid file  27
No. of solid bodies successfully written in STEP file  27
No. of assemblies present in Parasolid file  1
No. of assemblies successfully written in STEP file  1
-- Model written to Part21 File Successfully


STEP write options used
=======================================
Parasolid version :                12.0.220
step_write_length_unit_value     =  MILLIMETRES
sheet_write_value                =  write_sheet_as_surface_model
solid_write_value                =  write_solid_as_solid
wire_write_value                 =  write_wire_as_non_topol_wireframe
