ParaSTEPlib version 4.85 Conversion Messages
=======================================

 ---- Body is a Valid Parasolid body ----
=======================================
Start of Conversion Summary for Model 1
=======================================
Entity conversion ...
Topology : 16579 total entities
	Bodies			:	1
	Shells			:	1
	Faces			:	1206
	Loops			:	1300
	Fins			:	7720
	Edges			:	3860
	Vertices		:	2491

Geometry : 7557 total entities
  Surfaces : 1206 total surfaces
	Planes			:	1060
	Cylinders		:	146
	Cones			:	0
	Spheres			:	0
	Tori			:	0
	Bsplines		:	0
	Sweep			:	0
	Spun			:	0
	Offset			:	0
  Curves : 3860 total curves
	Lines			:	3494
	Circles			:	366
	Ellipses		:	0
	BSplines		:	0
	SP_Curves		:	0
  Points : 2491 total points
=======================================
End of Conversion Summary for Model 1
=======================================

Conversion Summary...
=======================================
No. of solid bodies present in Parasolid file  1
No. of valid solid bodies present in Parasolid file  1
No. of solid bodies successfully written in STEP file  1
-- Model written to Part21 File Successfully


STEP write options used
=======================================
Parasolid version :                12.0.220
step_write_length_unit_value     =  MILLIMETRES
sheet_write_value                =  write_sheet_as_surface_model
solid_write_value                =  write_solid_as_solid
wire_write_value                 =  write_wire_as_non_topol_wireframe
