ParaSTEPlib version 4.85 Conversion Messages
=======================================

 ---- Body is a Valid Parasolid body ----
=======================================
Start of Conversion Summary for Model 1
=======================================
Entity conversion ...
Topology : 6767 total entities
	Bodies			:	1
	Shells			:	1
	Faces			:	567
	Loops			:	590
	Fins			:	3076
	Edges			:	1538
	Vertices		:	994

Geometry : 3099 total entities
  Surfaces : 567 total surfaces
	Planes			:	496
	Cylinders		:	71
	Cones			:	0
	Spheres			:	0
	Tori			:	0
	Bsplines		:	0
	Sweep			:	0
	Spun			:	0
	Offset			:	0
  Curves : 1538 total curves
	Lines			:	1396
	Circles			:	142
	Ellipses		:	0
	BSplines		:	0
	SP_Curves		:	0
  Points : 994 total points
=======================================
End of Conversion Summary for Model 1
=======================================

Conversion Summary...
=======================================
No. of solid bodies present in Parasolid file  1
No. of valid solid bodies present in Parasolid file  1
No. of solid bodies successfully written in STEP file  1
-- Model written to Part21 File Successfully


STEP write options used
=======================================
Parasolid version :                12.0.220
step_write_length_unit_value     =  MILLIMETRES
sheet_write_value                =  write_sheet_as_surface_model
solid_write_value                =  write_solid_as_solid
wire_write_value                 =  write_wire_as_non_topol_wireframe
Parasolid -> SE
============================================================
Dateiname: D:\02_Users\Rainer\Firma\3D-OSII\MPCnew\MPCnew3D-git\Gehaeuse\Bauteile-MPC2\Molex90814-14.x_t
Parasolid-Dateiversion: 17.0.244
Baugruppe 0 beginnen
Gesamtteile :  1
Baugruppen: 0
Volumenkörper: 1
Flächen:  0
============================================================
Volumenkörper 1 of 1 wird verarbeitet
SE Part-Datei D:\02_Users\Rainer\Firma\3D-OSII\MPCnew\MPCnew3D-git\Gehaeuse\Bauteile-MPC2\908140014.par wurde erstellt
908140014.par:1 wird platziert
============================================================
