Parasolid -> SE
============================================================
Dateiname: D:\02_Users\Rainer\Firma\3D-OSII\MPCnew\MPCnew3D-git\Gehaeuse\Bauteile-MPC2\MSFQ.x_t
Parasolid-Dateiversion: 17.0.244
Baugruppe 0 beginnen
Gesamtteile :  33
Baugruppen: 0
Volumenkörper: 33
Flächen:  0
============================================================
Volumenkörper 1 of 33 wird verarbeitet
SE Part-Datei D:\02_Users\Rainer\Firma\3D-OSII\MPCnew\MPCnew3D-git\Gehaeuse\Bauteile-MPC2\Lumberg-Stift.par wurde erstellt
Lumberg-Stift.par:1 wird platziert
============================================================
Volumenkörper 2 of 33 wird verarbeitet
SE Part-Datei D:\02_Users\Rainer\Firma\3D-OSII\MPCnew\MPCnew3D-git\Gehaeuse\Bauteile-MPC2\Lumberg-Stift_1.par wurde erstellt
Lumberg-Stift_1.par:1 wird platziert
============================================================
Volumenkörper 3 of 33 wird verarbeitet
SE Part-Datei D:\02_Users\Rainer\Firma\3D-OSII\MPCnew\MPCnew3D-git\Gehaeuse\Bauteile-MPC2\Lumberg-Stift_3.par wurde erstellt
Lumberg-Stift_3.par:1 wird platziert
============================================================
Volumenkörper 4 of 33 wird verarbeitet
SE Part-Datei D:\02_Users\Rainer\Firma\3D-OSII\MPCnew\MPCnew3D-git\Gehaeuse\Bauteile-MPC2\Lumberg-Stift_5.par wurde erstellt
Lumberg-Stift_5.par:1 wird platziert
============================================================
Volumenkörper 5 of 33 wird verarbeitet
SE Part-Datei D:\02_Users\Rainer\Firma\3D-OSII\MPCnew\MPCnew3D-git\Gehaeuse\Bauteile-MPC2\Lumberg-Stift_7.par wurde erstellt
Lumberg-Stift_7.par:1 wird platziert
============================================================
Volumenkörper 6 of 33 wird verarbeitet
SE Part-Datei D:\02_Users\Rainer\Firma\3D-OSII\MPCnew\MPCnew3D-git\Gehaeuse\Bauteile-MPC2\Lumberg-Stift_9.par wurde erstellt
Lumberg-Stift_9.par:1 wird platziert
============================================================
Volumenkörper 7 of 33 wird verarbeitet
SE Part-Datei D:\02_Users\Rainer\Firma\3D-OSII\MPCnew\MPCnew3D-git\Gehaeuse\Bauteile-MPC2\Lumberg-Stift_11.par wurde erstellt
Lumberg-Stift_11.par:1 wird platziert
============================================================
Volumenkörper 8 of 33 wird verarbeitet
SE Part-Datei D:\02_Users\Rainer\Firma\3D-OSII\MPCnew\MPCnew3D-git\Gehaeuse\Bauteile-MPC2\Lumberg-Stift_13.par wurde erstellt
Lumberg-Stift_13.par:1 wird platziert
============================================================
Volumenkörper 9 of 33 wird verarbeitet
SE Part-Datei D:\02_Users\Rainer\Firma\3D-OSII\MPCnew\MPCnew3D-git\Gehaeuse\Bauteile-MPC2\Lumberg-Stift_15.par wurde erstellt
Lumberg-Stift_15.par:1 wird platziert
============================================================
Volumenkörper 10 of 33 wird verarbeitet
SE Part-Datei D:\02_Users\Rainer\Firma\3D-OSII\MPCnew\MPCnew3D-git\Gehaeuse\Bauteile-MPC2\Lumberg-Stift_17.par wurde erstellt
Lumberg-Stift_17.par:1 wird platziert
============================================================
Volumenkörper 11 of 33 wird verarbeitet
SE Part-Datei D:\02_Users\Rainer\Firma\3D-OSII\MPCnew\MPCnew3D-git\Gehaeuse\Bauteile-MPC2\Lumberg-Stift_19.par wurde erstellt
Lumberg-Stift_19.par:1 wird platziert
============================================================
Volumenkörper 12 of 33 wird verarbeitet
SE Part-Datei D:\02_Users\Rainer\Firma\3D-OSII\MPCnew\MPCnew3D-git\Gehaeuse\Bauteile-MPC2\Lumberg-Stift_21.par wurde erstellt
Lumberg-Stift_21.par:1 wird platziert
============================================================
Volumenkörper 13 of 33 wird verarbeitet
SE Part-Datei D:\02_Users\Rainer\Firma\3D-OSII\MPCnew\MPCnew3D-git\Gehaeuse\Bauteile-MPC2\Lumberg-Stift_23.par wurde erstellt
Lumberg-Stift_23.par:1 wird platziert
============================================================
Volumenkörper 14 of 33 wird verarbeitet
SE Part-Datei D:\02_Users\Rainer\Firma\3D-OSII\MPCnew\MPCnew3D-git\Gehaeuse\Bauteile-MPC2\Lumberg-Stift_25.par wurde erstellt
Lumberg-Stift_25.par:1 wird platziert
============================================================
Volumenkörper 15 of 33 wird verarbeitet
SE Part-Datei D:\02_Users\Rainer\Firma\3D-OSII\MPCnew\MPCnew3D-git\Gehaeuse\Bauteile-MPC2\Lumberg-Stift_27.par wurde erstellt
Lumberg-Stift_27.par:1 wird platziert
============================================================
Volumenkörper 16 of 33 wird verarbeitet
SE Part-Datei D:\02_Users\Rainer\Firma\3D-OSII\MPCnew\MPCnew3D-git\Gehaeuse\Bauteile-MPC2\Lumberg-Stift_29.par wurde erstellt
Lumberg-Stift_29.par:1 wird platziert
============================================================
Volumenkörper 17 of 33 wird verarbeitet
SE Part-Datei D:\02_Users\Rainer\Firma\3D-OSII\MPCnew\MPCnew3D-git\Gehaeuse\Bauteile-MPC2\Lumberg-Stift_31.par wurde erstellt
Lumberg-Stift_31.par:1 wird platziert
============================================================
Volumenkörper 18 of 33 wird verarbeitet
SE Part-Datei D:\02_Users\Rainer\Firma\3D-OSII\MPCnew\MPCnew3D-git\Gehaeuse\Bauteile-MPC2\Lumberg-Stift_33.par wurde erstellt
Lumberg-Stift_33.par:1 wird platziert
============================================================
Volumenkörper 19 of 33 wird verarbeitet
SE Part-Datei D:\02_Users\Rainer\Firma\3D-OSII\MPCnew\MPCnew3D-git\Gehaeuse\Bauteile-MPC2\Lumberg-Stift_35.par wurde erstellt
Lumberg-Stift_35.par:1 wird platziert
============================================================
Volumenkörper 20 of 33 wird verarbeitet
SE Part-Datei D:\02_Users\Rainer\Firma\3D-OSII\MPCnew\MPCnew3D-git\Gehaeuse\Bauteile-MPC2\Lumberg-Stift_37.par wurde erstellt
Lumberg-Stift_37.par:1 wird platziert
============================================================
Volumenkörper 21 of 33 wird verarbeitet
SE Part-Datei D:\02_Users\Rainer\Firma\3D-OSII\MPCnew\MPCnew3D-git\Gehaeuse\Bauteile-MPC2\Lumberg-Stift_39.par wurde erstellt
Lumberg-Stift_39.par:1 wird platziert
============================================================
Volumenkörper 22 of 33 wird verarbeitet
SE Part-Datei D:\02_Users\Rainer\Firma\3D-OSII\MPCnew\MPCnew3D-git\Gehaeuse\Bauteile-MPC2\Lumberg-Stift_41.par wurde erstellt
Lumberg-Stift_41.par:1 wird platziert
============================================================
Volumenkörper 23 of 33 wird verarbeitet
SE Part-Datei D:\02_Users\Rainer\Firma\3D-OSII\MPCnew\MPCnew3D-git\Gehaeuse\Bauteile-MPC2\Lumberg-Stift_43.par wurde erstellt
Lumberg-Stift_43.par:1 wird platziert
============================================================
Volumenkörper 24 of 33 wird verarbeitet
SE Part-Datei D:\02_Users\Rainer\Firma\3D-OSII\MPCnew\MPCnew3D-git\Gehaeuse\Bauteile-MPC2\Lumberg-Stift_45.par wurde erstellt
Lumberg-Stift_45.par:1 wird platziert
============================================================
Volumenkörper 25 of 33 wird verarbeitet
SE Part-Datei D:\02_Users\Rainer\Firma\3D-OSII\MPCnew\MPCnew3D-git\Gehaeuse\Bauteile-MPC2\Lumberg-Stift_47.par wurde erstellt
Lumberg-Stift_47.par:1 wird platziert
============================================================
Volumenkörper 26 of 33 wird verarbeitet
SE Part-Datei D:\02_Users\Rainer\Firma\3D-OSII\MPCnew\MPCnew3D-git\Gehaeuse\Bauteile-MPC2\Lumberg-Stift_49.par wurde erstellt
Lumberg-Stift_49.par:1 wird platziert
============================================================
Volumenkörper 27 of 33 wird verarbeitet
SE Part-Datei D:\02_Users\Rainer\Firma\3D-OSII\MPCnew\MPCnew3D-git\Gehaeuse\Bauteile-MPC2\Lumberg-Stift_51.par wurde erstellt
Lumberg-Stift_51.par:1 wird platziert
============================================================
Volumenkörper 28 of 33 wird verarbeitet
SE Part-Datei D:\02_Users\Rainer\Firma\3D-OSII\MPCnew\MPCnew3D-git\Gehaeuse\Bauteile-MPC2\Lumberg-Stift_53.par wurde erstellt
Lumberg-Stift_53.par:1 wird platziert
============================================================
Volumenkörper 29 of 33 wird verarbeitet
SE Part-Datei D:\02_Users\Rainer\Firma\3D-OSII\MPCnew\MPCnew3D-git\Gehaeuse\Bauteile-MPC2\Lumberg-Stift_55.par wurde erstellt
Lumberg-Stift_55.par:1 wird platziert
============================================================
Volumenkörper 30 of 33 wird verarbeitet
SE Part-Datei D:\02_Users\Rainer\Firma\3D-OSII\MPCnew\MPCnew3D-git\Gehaeuse\Bauteile-MPC2\Lumberg-Stift_57.par wurde erstellt
Lumberg-Stift_57.par:1 wird platziert
============================================================
Volumenkörper 31 of 33 wird verarbeitet
SE Part-Datei D:\02_Users\Rainer\Firma\3D-OSII\MPCnew\MPCnew3D-git\Gehaeuse\Bauteile-MPC2\Lumberg-Stift_59.par wurde erstellt
Lumberg-Stift_59.par:1 wird platziert
============================================================
Volumenkörper 32 of 33 wird verarbeitet
SE Part-Datei D:\02_Users\Rainer\Firma\3D-OSII\MPCnew\MPCnew3D-git\Gehaeuse\Bauteile-MPC2\Lumberg-Stift_61.par wurde erstellt
Lumberg-Stift_61.par:1 wird platziert
============================================================
Volumenkörper 33 of 33 wird verarbeitet
SE Part-Datei D:\02_Users\Rainer\Firma\3D-OSII\MPCnew\MPCnew3D-git\Gehaeuse\Bauteile-MPC2\MSFQ.par wurde erstellt
MSFQ.par:1 wird platziert
============================================================
