Parasolid -> SE
============================================================
Dateiname: D:\02_Users\Rainer\Firma\3D-OSII\MPCnew\MPCnew3D-git\Gehaeuse\Bauteile-MPC2\Phoenix-12-polig.x_t
Parasolid-Dateiversion: 17.0.244
Baugruppe 0 beginnen
Gesamtteile :  3
Baugruppen: 0
Volumenkörper: 3
Flächen:  0
============================================================
Volumenkörper 1 of 3 wird verarbeitet
SE Part-Datei D:\02_Users\Rainer\Firma\3D-OSII\MPCnew\MPCnew3D-git\Gehaeuse\Bauteile-MPC2\Ziff16-27.par wurde erstellt
Ziff16-27.par:1 wird platziert
============================================================
Volumenkörper 2 of 3 wird verarbeitet
SE Part-Datei D:\02_Users\Rainer\Firma\3D-OSII\MPCnew\MPCnew3D-git\Gehaeuse\Bauteile-MPC2\Kenn-12-polig.par wurde erstellt
Kenn-12-polig.par:1 wird platziert
============================================================
Volumenkörper 3 of 3 wird verarbeitet
SE Part-Datei D:\02_Users\Rainer\Firma\3D-OSII\MPCnew\MPCnew3D-git\Gehaeuse\Bauteile-MPC2\MSTBVA25-12-G-508.par wurde erstellt
MSTBVA25-12-G-508.par:1 wird platziert
============================================================
