Parasolid -> SE
============================================================
Dateiname: D:\Firma\MPCnew_GitHub\Gehaeuse\Bauteile-MPC2\Phoenix-13-polig.x_t
Parasolid-Dateiversion: 17.0.244
Baugruppe 0 beginnen
Gesamtteile :  4
Baugruppen: 0
Volumenkörper: 4
Flächen:  0
============================================================
Volumenkörper 1 of 4 wird verarbeitet
SE Part-Datei D:\Firma\MPCnew_GitHub\Gehaeuse\Bauteile-MPC2\Ziff34-46.par wurde erstellt
Ziff34-46.par:1 wird platziert
============================================================
Volumenkörper 2 of 4 wird verarbeitet
SE Part-Datei D:\Firma\MPCnew_GitHub\Gehaeuse\Bauteile-MPC2\Kenn-13-polig.par wurde erstellt
Kenn-13-polig.par:1 wird platziert
============================================================
Volumenkörper 3 of 4 wird verarbeitet
SE Part-Datei D:\Firma\MPCnew_GitHub\Gehaeuse\Bauteile-MPC2\MVSTBR25-13-ST-508.par wurde erstellt
MVSTBR25-13-ST-508.par:1 wird platziert
============================================================
Volumenkörper 4 of 4 wird verarbeitet
SE Part-Datei D:\Firma\MPCnew_GitHub\Gehaeuse\Bauteile-MPC2\MSTBVA25-13-G-508.par wurde erstellt
MSTBVA25-13-G-508.par:1 wird platziert
============================================================
