Parasolid -> SE
============================================================
Dateiname: D:\Firma\MPCnew_GitHub\Gehaeuse\Bauteile-MPC2\Phoenix-6-polig.x_t
Parasolid-Dateiversion: 17.0.244
Baugruppe 0 beginnen
Gesamtteile :  3
Baugruppen: 0
Volumenkörper: 3
Flächen:  0
============================================================
Volumenkörper 1 of 3 wird verarbeitet
SE Part-Datei D:\Firma\MPCnew_GitHub\Gehaeuse\Bauteile-MPC2\Ziff28-33.par wurde erstellt
Ziff28-33.par:1 wird platziert
============================================================
Volumenkörper 2 of 3 wird verarbeitet
SE Part-Datei D:\Firma\MPCnew_GitHub\Gehaeuse\Bauteile-MPC2\Kenn-6-polig.par wurde erstellt
Kenn-6-polig.par:1 wird platziert
============================================================
Volumenkörper 3 of 3 wird verarbeitet
SE Part-Datei D:\Firma\MPCnew_GitHub\Gehaeuse\Bauteile-MPC2\MSTBVA25-6-G-508.par wurde erstellt
MSTBVA25-6-G-508.par:1 wird platziert
============================================================
