Parasolid -> SE
============================================================
Dateiname: D:\Firma\MPCnew_GitHub\Gehaeuse\Bauteile-MPC2\Phoenix-7-polig.x_t
Parasolid-Dateiversion: 17.0.244
Baugruppe 0 beginnen
Gesamtteile :  3
Baugruppen: 0
Volumenkörper: 3
Flächen:  0
============================================================
Volumenkörper 1 of 3 wird verarbeitet
SE Part-Datei D:\Firma\MPCnew_GitHub\Gehaeuse\Bauteile-MPC2\Ziff9-15.par wurde erstellt
Ziff9-15.par:1 wird platziert
============================================================
Volumenkörper 2 of 3 wird verarbeitet
SE Part-Datei D:\Firma\MPCnew_GitHub\Gehaeuse\Bauteile-MPC2\kenn-7-polig.par wurde erstellt
kenn-7-polig.par:1 wird platziert
============================================================
Volumenkörper 3 of 3 wird verarbeitet
SE Part-Datei D:\Firma\MPCnew_GitHub\Gehaeuse\Bauteile-MPC2\MSTBVA25-7-G-508.par wurde erstellt
MSTBVA25-7-G-508.par:1 wird platziert
============================================================
