Parasolid -> SE
============================================================
Dateiname: D:\02_Users\Rainer\Firma\3D-OSII\MPCnew\MPCnew3D-git_20210306\Gehaeuse\Wuerth\Orig\418121270802 (rev1).x_t
Parasolid-Dateiversion: 17.0.244
Baugruppe 0 beginnen
Gesamtteile :  10
Baugruppen: 0
Volumenkörper: 10
Flächen:  0
============================================================
Volumenkörper 1 of 10 wird verarbeitet
SE Part-Datei D:\02_Users\Rainer\Firma\3D-OSII\MPCnew\MPCnew3D-git_20210306\Gehaeuse\Wuerth\Orig\Terminal_tall.par wurde erstellt
Terminal_tall.par:1 wird platziert
============================================================
Volumenkörper 2 of 10 wird verarbeitet
Datei D:\02_Users\Rainer\Firma\3D-OSII\MPCnew\MPCnew3D-git_20210306\Gehaeuse\Wuerth\Orig\Terminal_tall.par wird wiederholt verwendet
Terminal_tall.par:2 wird platziert
============================================================
Volumenkörper 3 of 10 wird verarbeitet
SE Part-Datei D:\02_Users\Rainer\Firma\3D-OSII\MPCnew\MPCnew3D-git_20210306\Gehaeuse\Wuerth\Orig\Terminal_small.par wurde erstellt
Terminal_small.par:1 wird platziert
============================================================
Volumenkörper 4 of 10 wird verarbeitet
Datei D:\02_Users\Rainer\Firma\3D-OSII\MPCnew\MPCnew3D-git_20210306\Gehaeuse\Wuerth\Orig\Terminal_small.par wird wiederholt verwendet
Terminal_small.par:2 wird platziert
============================================================
Volumenkörper 5 of 10 wird verarbeitet
SE Part-Datei D:\02_Users\Rainer\Firma\3D-OSII\MPCnew\MPCnew3D-git_20210306\Gehaeuse\Wuerth\Orig\Actuator.par wurde erstellt
Actuator.par:1 wird platziert
============================================================
Volumenkörper 6 of 10 wird verarbeitet
Datei D:\02_Users\Rainer\Firma\3D-OSII\MPCnew\MPCnew3D-git_20210306\Gehaeuse\Wuerth\Orig\Actuator.par wird wiederholt verwendet
Actuator.par:2 wird platziert
============================================================
Volumenkörper 7 of 10 wird verarbeitet
SE Part-Datei D:\02_Users\Rainer\Firma\3D-OSII\MPCnew\MPCnew3D-git_20210306\Gehaeuse\Wuerth\Orig\Contact.par wurde erstellt
Contact.par:1 wird platziert
============================================================
Volumenkörper 8 of 10 wird verarbeitet
Datei D:\02_Users\Rainer\Firma\3D-OSII\MPCnew\MPCnew3D-git_20210306\Gehaeuse\Wuerth\Orig\Contact.par wird wiederholt verwendet
Contact.par:2 wird platziert
============================================================
Volumenkörper 9 of 10 wird verarbeitet
SE Part-Datei D:\02_Users\Rainer\Firma\3D-OSII\MPCnew\MPCnew3D-git_20210306\Gehaeuse\Wuerth\Orig\Base_02.par wurde erstellt
Base_02.par:1 wird platziert
============================================================
Volumenkörper 10 of 10 wird verarbeitet
SE Part-Datei D:\02_Users\Rainer\Firma\3D-OSII\MPCnew\MPCnew3D-git_20210306\Gehaeuse\Wuerth\Orig\Cover_02.par wurde erstellt
Cover_02.par:1 wird platziert
============================================================
