Parasolid -> SE
============================================================
Dateiname: D:\02_Users\Rainer\Firma\3D-OSII\MPCnew\MPCnew3D-git_20210306\Gehaeuse\Wuerth\Orig\418121270803 (rev1).x_t
Parasolid-Dateiversion: 17.0.244
Baugruppe 0 beginnen
Gesamtteile :  14
Baugruppen: 0
Volumenkörper: 14
Flächen:  0
============================================================
Volumenkörper 1 of 14 wird verarbeitet
SE Part-Datei D:\02_Users\Rainer\Firma\3D-OSII\MPCnew\MPCnew3D-git_20210306\Gehaeuse\Wuerth\Orig\Terminal_tall_0.par wurde erstellt
Terminal_tall_0.par:1 wird platziert
============================================================
Volumenkörper 2 of 14 wird verarbeitet
Datei D:\02_Users\Rainer\Firma\3D-OSII\MPCnew\MPCnew3D-git_20210306\Gehaeuse\Wuerth\Orig\Terminal_tall_0.par wird wiederholt verwendet
Terminal_tall_0.par:2 wird platziert
============================================================
Volumenkörper 3 of 14 wird verarbeitet
Datei D:\02_Users\Rainer\Firma\3D-OSII\MPCnew\MPCnew3D-git_20210306\Gehaeuse\Wuerth\Orig\Terminal_tall_0.par wird wiederholt verwendet
Terminal_tall_0.par:3 wird platziert
============================================================
Volumenkörper 4 of 14 wird verarbeitet
SE Part-Datei D:\02_Users\Rainer\Firma\3D-OSII\MPCnew\MPCnew3D-git_20210306\Gehaeuse\Wuerth\Orig\Terminal_small_2.par wurde erstellt
Terminal_small_2.par:1 wird platziert
============================================================
Volumenkörper 5 of 14 wird verarbeitet
Datei D:\02_Users\Rainer\Firma\3D-OSII\MPCnew\MPCnew3D-git_20210306\Gehaeuse\Wuerth\Orig\Terminal_small_2.par wird wiederholt verwendet
Terminal_small_2.par:2 wird platziert
============================================================
Volumenkörper 6 of 14 wird verarbeitet
Datei D:\02_Users\Rainer\Firma\3D-OSII\MPCnew\MPCnew3D-git_20210306\Gehaeuse\Wuerth\Orig\Terminal_small_2.par wird wiederholt verwendet
Terminal_small_2.par:3 wird platziert
============================================================
Volumenkörper 7 of 14 wird verarbeitet
SE Part-Datei D:\02_Users\Rainer\Firma\3D-OSII\MPCnew\MPCnew3D-git_20210306\Gehaeuse\Wuerth\Orig\Actuator_4.par wurde erstellt
Actuator_4.par:1 wird platziert
============================================================
Volumenkörper 8 of 14 wird verarbeitet
Datei D:\02_Users\Rainer\Firma\3D-OSII\MPCnew\MPCnew3D-git_20210306\Gehaeuse\Wuerth\Orig\Actuator_4.par wird wiederholt verwendet
Actuator_4.par:2 wird platziert
============================================================
Volumenkörper 9 of 14 wird verarbeitet
Datei D:\02_Users\Rainer\Firma\3D-OSII\MPCnew\MPCnew3D-git_20210306\Gehaeuse\Wuerth\Orig\Actuator_4.par wird wiederholt verwendet
Actuator_4.par:3 wird platziert
============================================================
Volumenkörper 10 of 14 wird verarbeitet
SE Part-Datei D:\02_Users\Rainer\Firma\3D-OSII\MPCnew\MPCnew3D-git_20210306\Gehaeuse\Wuerth\Orig\Contact_6.par wurde erstellt
Contact_6.par:1 wird platziert
============================================================
Volumenkörper 11 of 14 wird verarbeitet
Datei D:\02_Users\Rainer\Firma\3D-OSII\MPCnew\MPCnew3D-git_20210306\Gehaeuse\Wuerth\Orig\Contact_6.par wird wiederholt verwendet
Contact_6.par:2 wird platziert
============================================================
Volumenkörper 12 of 14 wird verarbeitet
Datei D:\02_Users\Rainer\Firma\3D-OSII\MPCnew\MPCnew3D-git_20210306\Gehaeuse\Wuerth\Orig\Contact_6.par wird wiederholt verwendet
Contact_6.par:3 wird platziert
============================================================
Volumenkörper 13 of 14 wird verarbeitet
SE Part-Datei D:\02_Users\Rainer\Firma\3D-OSII\MPCnew\MPCnew3D-git_20210306\Gehaeuse\Wuerth\Orig\Base_03.par wurde erstellt
Base_03.par:1 wird platziert
============================================================
Volumenkörper 14 of 14 wird verarbeitet
SE Part-Datei D:\02_Users\Rainer\Firma\3D-OSII\MPCnew\MPCnew3D-git_20210306\Gehaeuse\Wuerth\Orig\Cover_03.par wurde erstellt
Cover_03.par:1 wird platziert
============================================================
