Parasolid -> SE
============================================================
Dateiname: D:\Firma\MPCnew3D\M12\1414023.x_t
Parasolid-Dateiversion: 17.0.244
Baugruppe 0 beginnen
Gesamtteile :  3
Baugruppen: 0
Volumenkörper: 3
Flächen:  0
============================================================
Volumenkörper 1 of 3 wird verarbeitet
SE Part-Datei D:\Firma\MPCnew3D\M12\1414023.par wurde erstellt
1414023.par:1 wird platziert
============================================================
Volumenkörper 2 of 3 wird verarbeitet
SE Part-Datei D:\Firma\MPCnew3D\M12\1215280_AF1.par wurde erstellt
1215280_AF1.par:1 wird platziert
============================================================
Volumenkörper 3 of 3 wird verarbeitet
SE Part-Datei D:\Firma\MPCnew3D\M12\415850_2.par wurde erstellt
415850_2.par:1 wird platziert
============================================================
